[debug] [2021-02-19T16:57:54.867Z] ----------------------------------------------------------------------
[debug] [2021-02-19T16:57:54.869Z] Command:       C:\Program Files\nodejs\node.exe C:\Users\user\AppData\Roaming\npm\node_modules\firebase-tools\lib\bin\firebase.js emulators:start
[debug] [2021-02-19T16:57:54.870Z] CLI Version:   9.3.0
[debug] [2021-02-19T16:57:54.870Z] Platform:      win32
[debug] [2021-02-19T16:57:54.870Z] Node Version:  v14.15.1
[debug] [2021-02-19T16:57:54.871Z] Time:          Fri Feb 19 2021 18:57:54 GMT+0200 (שעון ישראל (חורף))
[debug] [2021-02-19T16:57:54.871Z] ----------------------------------------------------------------------
[debug] [2021-02-19T16:57:54.872Z] 
[debug] [2021-02-19T16:57:54.882Z] > command requires scopes: ["email","openid","https://www.googleapis.com/auth/cloudplatformprojects.readonly","https://www.googleapis.com/auth/firebase","https://www.googleapis.com/auth/cloud-platform"]
[debug] [2021-02-19T16:57:54.883Z] > authorizing via signed-in user
[info] i  emulators: Starting emulators: functions {"metadata":{"emulator":{"name":"hub"},"message":"Starting emulators: functions"}}
[debug] [2021-02-19T16:57:54.909Z] [hub] writing locator at C:\Users\user\AppData\Local\Temp\hub-burgergril-30358.json
[warn] !  functions: The following emulators are not running, calls to these services from the Functions emulator will affect production: auth, firestore, database, hosting, pubsub {"metadata":{"emulator":{"name":"functions"},"message":"The following emulators are not running, calls to these services from the Functions emulator will affect production: \u001b[1mauth, firestore, database, hosting, pubsub\u001b[22m"}}
[warn] !  Your requested "node" version "10" doesn't match your global version "14" {"metadata":{"emulator":{"name":"functions"},"message":"Your requested \"node\" version \"10\" doesn't match your global version \"14\""}}
[debug] [2021-02-19T16:57:54.973Z] defaultcredentials: writing to file C:\Users\user\AppData\Roaming\firebase\ronnizan01_gmail_com_application_default_credentials.json
[debug] [2021-02-19T16:57:54.976Z] Setting GAC to C:\Users\user\AppData\Roaming\firebase\ronnizan01_gmail_com_application_default_credentials.json {"metadata":{"emulator":{"name":"functions"},"message":"Setting GAC to C:\\Users\\user\\AppData\\Roaming\\firebase\\ronnizan01_gmail_com_application_default_credentials.json"}}
[debug] [2021-02-19T16:57:54.979Z] > refreshing access token with scopes: []
[debug] [2021-02-19T16:57:54.980Z] >>> HTTP REQUEST POST https://www.googleapis.com/oauth2/v3/token  
 <request body omitted>
[debug] [2021-02-19T16:57:55.451Z] <<< HTTP RESPONSE 200 {"pragma":"no-cache","date":"Fri, 19 Feb 2021 16:57:52 GMT","cache-control":"no-cache, no-store, max-age=0, must-revalidate","expires":"Mon, 01 Jan 1990 00:00:00 GMT","content-type":"application/json; charset=utf-8","vary":"X-Origin, Referer, Origin,Accept-Encoding","server":"scaffolding on HTTPServer2","x-xss-protection":"0","x-frame-options":"SAMEORIGIN","x-content-type-options":"nosniff","alt-svc":"h3-29=\":443\"; ma=2592000,h3-T051=\":443\"; ma=2592000,h3-Q050=\":443\"; ma=2592000,h3-Q046=\":443\"; ma=2592000,h3-Q043=\":443\"; ma=2592000,quic=\":443\"; ma=2592000; v=\"46,43\"","accept-ranges":"none","transfer-encoding":"chunked"}
[debug] [2021-02-19T16:57:55.471Z] >>> [apiv2][query] GET https://firebase.googleapis.com/v1beta1/projects/burgergril-30358/adminSdkConfig [none]
[debug] [2021-02-19T16:57:56.164Z] <<< [apiv2][status] GET https://firebase.googleapis.com/v1beta1/projects/burgergril-30358/adminSdkConfig 200
[debug] [2021-02-19T16:57:56.164Z] <<< [apiv2][body] GET https://firebase.googleapis.com/v1beta1/projects/burgergril-30358/adminSdkConfig {"projectId":"burgergril-30358","storageBucket":"burgergril-30358.appspot.com","locationId":"europe-west"}
[debug] [2021-02-19T16:57:56.184Z] Ignoring unsupported arg: auto_download {"metadata":{"emulator":{"name":"ui"},"message":"Ignoring unsupported arg: auto_download"}}
[debug] [2021-02-19T16:57:56.185Z] Ignoring unsupported arg: port {"metadata":{"emulator":{"name":"ui"},"message":"Ignoring unsupported arg: port"}}
[debug] [2021-02-19T16:57:56.185Z] Starting Emulator UI with command {"binary":"node","args":["C:\\Users\\user\\.cache\\firebase\\emulators\\ui-v1.4.1\\server.bundle.js"],"optionalArgs":[],"joinArgs":false} {"metadata":{"emulator":{"name":"ui"},"message":"Starting Emulator UI with command {\"binary\":\"node\",\"args\":[\"C:\\\\Users\\\\user\\\\.cache\\\\firebase\\\\emulators\\\\ui-v1.4.1\\\\server.bundle.js\"],\"optionalArgs\":[],\"joinArgs\":false}"}}
[info] i  ui: Emulator UI logging to ui-debug.log {"metadata":{"emulator":{"name":"ui"},"message":"Emulator UI logging to \u001b[1mui-debug.log\u001b[22m"}}
[debug] [2021-02-19T16:57:56.350Z] Web / API server started at http://localhost:4000
 {"metadata":{"emulator":{"name":"ui"},"message":"Web / API server started at http://localhost:4000\n"}}
[info] i  functions: Watching "F:\projects\burger-gril\functions" for Cloud Functions... {"metadata":{"emulator":{"name":"functions"},"message":"Watching \"F:\\projects\\burger-gril\\functions\" for Cloud Functions..."}}
[debug] [2021-02-19T16:57:56.503Z] [worker-pool] addWorker(~diagnostic~) {"metadata":{"emulator":{"name":"functions"},"message":"[worker-pool] addWorker(~diagnostic~)"}}
[debug] [2021-02-19T16:57:56.503Z] [worker-pool] Adding worker with key ~diagnostic~, total=1 {"metadata":{"emulator":{"name":"functions"},"message":"[worker-pool] Adding worker with key ~diagnostic~, total=1"}}
[debug] [2021-02-19T16:57:56.503Z] [worker-pool] submitWork(triggerId=) {"metadata":{"emulator":{"name":"functions"},"message":"[worker-pool] submitWork(triggerId=)"}}
[debug] [2021-02-19T16:57:56.503Z] [worker-~diagnostic~-7485ec7c-dc99-4b32-ad0a-3e5557af354e]: Assigning socketPath: \\?\pipe\F:\projects\burger-gril\functions\16860 {"metadata":{"emulator":{"name":"functions"},"message":"[worker-~diagnostic~-7485ec7c-dc99-4b32-ad0a-3e5557af354e]: Assigning socketPath: \\\\?\\pipe\\F:\\projects\\burger-gril\\functions\\16860"}}
[debug] [2021-02-19T16:57:56.504Z] [worker-~diagnostic~-7485ec7c-dc99-4b32-ad0a-3e5557af354e]: BUSY {"metadata":{"emulator":{"name":"functions"},"message":"[worker-~diagnostic~-7485ec7c-dc99-4b32-ad0a-3e5557af354e]: BUSY"}}
[debug] [2021-02-19T16:57:56.723Z] [runtime-status] [16860] Functions runtime initialized. {"cwd":"F:\\projects\\burger-gril\\functions","node_version":"14.15.1"} {"metadata":{"emulator":{"name":"functions"},"message":"[runtime-status] [16860] Functions runtime initialized. {\"cwd\":\"F:\\\\projects\\\\burger-gril\\\\functions\",\"node_version\":\"14.15.1\"}"}}
[debug] [2021-02-19T16:57:56.725Z] [runtime-status] [16860] Disabled runtime features: undefined {"metadata":{"emulator":{"name":"functions"},"message":"[runtime-status] [16860] Disabled runtime features: undefined"}}
[debug] [2021-02-19T16:57:56.765Z] [runtime-status] [16860] Resolved module firebase-admin {"declared":true,"installed":true,"version":"9.5.0","resolution":"F:\\projects\\burger-gril\\functions\\node_modules\\firebase-admin\\lib\\index.js"} {"metadata":{"emulator":{"name":"functions"},"message":"[runtime-status] [16860] Resolved module firebase-admin {\"declared\":true,\"installed\":true,\"version\":\"9.5.0\",\"resolution\":\"F:\\\\projects\\\\burger-gril\\\\functions\\\\node_modules\\\\firebase-admin\\\\lib\\\\index.js\"}"}}
[debug] [2021-02-19T16:57:56.782Z] [runtime-status] [16860] Resolved module firebase-functions {"declared":true,"installed":true,"version":"3.13.1","resolution":"F:\\projects\\burger-gril\\functions\\node_modules\\firebase-functions\\lib\\index.js"} {"metadata":{"emulator":{"name":"functions"},"message":"[runtime-status] [16860] Resolved module firebase-functions {\"declared\":true,\"installed\":true,\"version\":\"3.13.1\",\"resolution\":\"F:\\\\projects\\\\burger-gril\\\\functions\\\\node_modules\\\\firebase-functions\\\\lib\\\\index.js\"}"}}
[debug] [2021-02-19T16:57:56.783Z] [runtime-status] [16860] Resolved module firebase-functions {"declared":true,"installed":true,"version":"3.13.1","resolution":"F:\\projects\\burger-gril\\functions\\node_modules\\firebase-functions\\lib\\index.js"} {"metadata":{"emulator":{"name":"functions"},"message":"[runtime-status] [16860] Resolved module firebase-functions {\"declared\":true,\"installed\":true,\"version\":\"3.13.1\",\"resolution\":\"F:\\\\projects\\\\burger-gril\\\\functions\\\\node_modules\\\\firebase-functions\\\\lib\\\\index.js\"}"}}
[debug] [2021-02-19T16:57:56.785Z] [runtime-status] [16860] Outgoing network have been stubbed. [{"name":"http","status":"mocked"},{"name":"http","status":"mocked"},{"name":"https","status":"mocked"},{"name":"https","status":"mocked"},{"name":"net","status":"mocked"}] {"metadata":{"emulator":{"name":"functions"},"message":"[runtime-status] [16860] Outgoing network have been stubbed. [{\"name\":\"http\",\"status\":\"mocked\"},{\"name\":\"http\",\"status\":\"mocked\"},{\"name\":\"https\",\"status\":\"mocked\"},{\"name\":\"https\",\"status\":\"mocked\"},{\"name\":\"net\",\"status\":\"mocked\"}]"}}
[debug] [2021-02-19T16:57:56.786Z] [runtime-status] [16860] Resolved module firebase-functions {"declared":true,"installed":true,"version":"3.13.1","resolution":"F:\\projects\\burger-gril\\functions\\node_modules\\firebase-functions\\lib\\index.js"} {"metadata":{"emulator":{"name":"functions"},"message":"[runtime-status] [16860] Resolved module firebase-functions {\"declared\":true,\"installed\":true,\"version\":\"3.13.1\",\"resolution\":\"F:\\\\projects\\\\burger-gril\\\\functions\\\\node_modules\\\\firebase-functions\\\\lib\\\\index.js\"}"}}
[debug] [2021-02-19T16:57:57.629Z] [runtime-status] [16860] Checked functions.config() {"config":{}} {"metadata":{"emulator":{"name":"functions"},"message":"[runtime-status] [16860] Checked functions.config() {\"config\":{}}"}}
[debug] [2021-02-19T16:57:57.630Z] [runtime-status] [16860] firebase-functions has been stubbed. {"functionsResolution":{"declared":true,"installed":true,"version":"3.13.1","resolution":"F:\\projects\\burger-gril\\functions\\node_modules\\firebase-functions\\lib\\index.js"}} {"metadata":{"emulator":{"name":"functions"},"message":"[runtime-status] [16860] firebase-functions has been stubbed. {\"functionsResolution\":{\"declared\":true,\"installed\":true,\"version\":\"3.13.1\",\"resolution\":\"F:\\\\projects\\\\burger-gril\\\\functions\\\\node_modules\\\\firebase-functions\\\\lib\\\\index.js\"}}"}}
[debug] [2021-02-19T16:57:57.630Z] [runtime-status] [16860] Resolved module firebase-functions {"declared":true,"installed":true,"version":"3.13.1","resolution":"F:\\projects\\burger-gril\\functions\\node_modules\\firebase-functions\\lib\\index.js"} {"metadata":{"emulator":{"name":"functions"},"message":"[runtime-status] [16860] Resolved module firebase-functions {\"declared\":true,\"installed\":true,\"version\":\"3.13.1\",\"resolution\":\"F:\\\\projects\\\\burger-gril\\\\functions\\\\node_modules\\\\firebase-functions\\\\lib\\\\index.js\"}"}}
[debug] [2021-02-19T16:57:57.631Z] [runtime-status] [16860] Resolved module firebase-admin {"declared":true,"installed":true,"version":"9.5.0","resolution":"F:\\projects\\burger-gril\\functions\\node_modules\\firebase-admin\\lib\\index.js"} {"metadata":{"emulator":{"name":"functions"},"message":"[runtime-status] [16860] Resolved module firebase-admin {\"declared\":true,\"installed\":true,\"version\":\"9.5.0\",\"resolution\":\"F:\\\\projects\\\\burger-gril\\\\functions\\\\node_modules\\\\firebase-admin\\\\lib\\\\index.js\"}"}}
[debug] [2021-02-19T16:57:57.632Z] [runtime-status] [16860] Resolved module firebase-functions {"declared":true,"installed":true,"version":"3.13.1","resolution":"F:\\projects\\burger-gril\\functions\\node_modules\\firebase-functions\\lib\\index.js"} {"metadata":{"emulator":{"name":"functions"},"message":"[runtime-status] [16860] Resolved module firebase-functions {\"declared\":true,\"installed\":true,\"version\":\"3.13.1\",\"resolution\":\"F:\\\\projects\\\\burger-gril\\\\functions\\\\node_modules\\\\firebase-functions\\\\lib\\\\index.js\"}"}}
[debug] [2021-02-19T16:57:57.632Z] [runtime-status] [16860] firebase-admin has been stubbed. {"adminResolution":{"declared":true,"installed":true,"version":"9.5.0","resolution":"F:\\projects\\burger-gril\\functions\\node_modules\\firebase-admin\\lib\\index.js"}} {"metadata":{"emulator":{"name":"functions"},"message":"[runtime-status] [16860] firebase-admin has been stubbed. {\"adminResolution\":{\"declared\":true,\"installed\":true,\"version\":\"9.5.0\",\"resolution\":\"F:\\\\projects\\\\burger-gril\\\\functions\\\\node_modules\\\\firebase-admin\\\\lib\\\\index.js\"}}"}}
[info] +  functions[api]: http function initialized (http://localhost:5001/burgergril-30358/us-central1/api). {"metadata":{"emulator":{"name":"functions"},"message":"\u001b[1mhttp\u001b[22m function initialized (http://localhost:5001/burgergril-30358/us-central1/api)."}}
[info] 
┌─────────────────────────────────────────────────────────────┐
│ ✔  All emulators ready! It is now safe to connect your app. │
│ i  View Emulator UI at http://localhost:4000                │
└─────────────────────────────────────────────────────────────┘

┌───────────┬────────────────┬─────────────────────────────────┐
│ Emulator  │ Host:Port      │ View in Emulator UI             │
├───────────┼────────────────┼─────────────────────────────────┤
│ Functions │ localhost:5001 │ http://localhost:4000/functions │
└───────────┴────────────────┴─────────────────────────────────┘
  Emulator Hub running at localhost:4400
  Other reserved ports: 4500

Issues? Report them at https://github.com/firebase/firebase-tools/issues and attach the *-debug.log files.
 
[debug] [2021-02-19T16:58:01.361Z] [worker-~diagnostic~-7485ec7c-dc99-4b32-ad0a-3e5557af354e]: IDLE {"metadata":{"emulator":{"name":"functions"},"message":"[worker-~diagnostic~-7485ec7c-dc99-4b32-ad0a-3e5557af354e]: IDLE"}}
[debug] [2021-02-19T17:59:33.365Z] [worker-~diagnostic~-7485ec7c-dc99-4b32-ad0a-3e5557af354e]: exited {"metadata":{"emulator":{"name":"functions"},"message":"[worker-~diagnostic~-7485ec7c-dc99-4b32-ad0a-3e5557af354e]: exited"}}
[debug] [2021-02-19T20:50:16.676Z] ----------------------------------------------------------------------
[debug] [2021-02-19T20:50:16.679Z] Command:       C:\Program Files\nodejs\node.exe C:\Users\user\AppData\Roaming\npm\node_modules\firebase-tools\lib\bin\firebase.js emulators:start
[debug] [2021-02-19T20:50:16.679Z] CLI Version:   9.3.0
[debug] [2021-02-19T20:50:16.679Z] Platform:      win32
[debug] [2021-02-19T20:50:16.679Z] Node Version:  v14.15.1
[debug] [2021-02-19T20:50:16.680Z] Time:          Fri Feb 19 2021 22:50:16 GMT+0200 (שעון ישראל (חורף))
[debug] [2021-02-19T20:50:16.681Z] ----------------------------------------------------------------------
[debug] [2021-02-19T20:50:16.681Z] 
[debug] [2021-02-19T20:50:16.684Z] >>> [apiv2][query] GET https://firebase-public.firebaseio.com/cli.json [none]
[debug] [2021-02-19T20:50:16.742Z] > command requires scopes: ["email","openid","https://www.googleapis.com/auth/cloudplatformprojects.readonly","https://www.googleapis.com/auth/firebase","https://www.googleapis.com/auth/cloud-platform"]
[debug] [2021-02-19T20:50:16.743Z] > authorizing via signed-in user
[info] i  emulators: Starting emulators: functions {"metadata":{"emulator":{"name":"hub"},"message":"Starting emulators: functions"}}
[warn] !  emulators: It seems that you are running multiple instances of the emulator suite for project burgergril-30358. This may result in unexpected behavior. 
[debug] [2021-02-19T20:50:16.769Z] [hub] writing locator at C:\Users\user\AppData\Local\Temp\hub-burgergril-30358.json
[warn] !  functions: The following emulators are not running, calls to these services from the Functions emulator will affect production: auth, firestore, database, hosting, pubsub {"metadata":{"emulator":{"name":"functions"},"message":"The following emulators are not running, calls to these services from the Functions emulator will affect production: \u001b[1mauth, firestore, database, hosting, pubsub\u001b[22m"}}
[warn] !  Your requested "node" version "10" doesn't match your global version "14" {"metadata":{"emulator":{"name":"functions"},"message":"Your requested \"node\" version \"10\" doesn't match your global version \"14\""}}
[debug] [2021-02-19T20:50:17.512Z] defaultcredentials: writing to file C:\Users\user\AppData\Roaming\firebase\ronnizan01_gmail_com_application_default_credentials.json
[debug] [2021-02-19T20:50:17.514Z] Setting GAC to C:\Users\user\AppData\Roaming\firebase\ronnizan01_gmail_com_application_default_credentials.json {"metadata":{"emulator":{"name":"functions"},"message":"Setting GAC to C:\\Users\\user\\AppData\\Roaming\\firebase\\ronnizan01_gmail_com_application_default_credentials.json"}}
[debug] [2021-02-19T20:50:17.516Z] > refreshing access token with scopes: []
[debug] [2021-02-19T20:50:17.517Z] >>> HTTP REQUEST POST https://www.googleapis.com/oauth2/v3/token  
 <request body omitted>
[debug] [2021-02-19T20:50:21.052Z] <<< HTTP RESPONSE 200 {"cache-control":"no-cache, no-store, max-age=0, must-revalidate","expires":"Mon, 01 Jan 1990 00:00:00 GMT","pragma":"no-cache","date":"Fri, 19 Feb 2021 20:50:17 GMT","content-type":"application/json; charset=utf-8","vary":"X-Origin, Referer, Origin,Accept-Encoding","server":"scaffolding on HTTPServer2","x-xss-protection":"0","x-frame-options":"SAMEORIGIN","x-content-type-options":"nosniff","alt-svc":"h3-29=\":443\"; ma=2592000,h3-T051=\":443\"; ma=2592000,h3-Q050=\":443\"; ma=2592000,h3-Q046=\":443\"; ma=2592000,h3-Q043=\":443\"; ma=2592000,quic=\":443\"; ma=2592000; v=\"46,43\"","accept-ranges":"none","transfer-encoding":"chunked"}
[debug] [2021-02-19T20:50:21.069Z] >>> [apiv2][query] GET https://firebase.googleapis.com/v1beta1/projects/burgergril-30358/adminSdkConfig [none]
[debug] [2021-02-19T20:50:21.502Z] <<< [apiv2][status] GET https://firebase-public.firebaseio.com/cli.json 200
[debug] [2021-02-19T20:50:21.502Z] <<< [apiv2][body] GET https://firebase-public.firebaseio.com/cli.json {"cloudBuildErrorAfter":1594252800000,"cloudBuildWarnAfter":1590019200000,"defaultNode10After":1594252800000,"minVersion":"3.0.5","node8DeploysDisabledAfter":1613390400000,"node8RuntimeDisabledAfter":1615809600000,"node8WarnAfter":1600128000000}
[debug] [2021-02-19T20:50:22.195Z] <<< [apiv2][status] GET https://firebase.googleapis.com/v1beta1/projects/burgergril-30358/adminSdkConfig 200
[debug] [2021-02-19T20:50:22.195Z] <<< [apiv2][body] GET https://firebase.googleapis.com/v1beta1/projects/burgergril-30358/adminSdkConfig {"projectId":"burgergril-30358","storageBucket":"burgergril-30358.appspot.com","locationId":"europe-west"}
[debug] [2021-02-19T20:50:22.217Z] Ignoring unsupported arg: auto_download {"metadata":{"emulator":{"name":"ui"},"message":"Ignoring unsupported arg: auto_download"}}
[debug] [2021-02-19T20:50:22.217Z] Ignoring unsupported arg: port {"metadata":{"emulator":{"name":"ui"},"message":"Ignoring unsupported arg: port"}}
[debug] [2021-02-19T20:50:22.217Z] Starting Emulator UI with command {"binary":"node","args":["C:\\Users\\user\\.cache\\firebase\\emulators\\ui-v1.4.1\\server.bundle.js"],"optionalArgs":[],"joinArgs":false} {"metadata":{"emulator":{"name":"ui"},"message":"Starting Emulator UI with command {\"binary\":\"node\",\"args\":[\"C:\\\\Users\\\\user\\\\.cache\\\\firebase\\\\emulators\\\\ui-v1.4.1\\\\server.bundle.js\"],\"optionalArgs\":[],\"joinArgs\":false}"}}
[info] i  ui: Emulator UI logging to ui-debug.log {"metadata":{"emulator":{"name":"ui"},"message":"Emulator UI logging to \u001b[1mui-debug.log\u001b[22m"}}
[debug] [2021-02-19T20:50:22.354Z] Web / API server started at http://localhost:4000
 {"metadata":{"emulator":{"name":"ui"},"message":"Web / API server started at http://localhost:4000\n"}}
[info] i  functions: Watching "F:\projects\burger-gril\functions" for Cloud Functions... {"metadata":{"emulator":{"name":"functions"},"message":"Watching \"F:\\projects\\burger-gril\\functions\" for Cloud Functions..."}}
[debug] [2021-02-19T20:50:22.535Z] [worker-pool] addWorker(~diagnostic~) {"metadata":{"emulator":{"name":"functions"},"message":"[worker-pool] addWorker(~diagnostic~)"}}
[debug] [2021-02-19T20:50:22.535Z] [worker-pool] Adding worker with key ~diagnostic~, total=1 {"metadata":{"emulator":{"name":"functions"},"message":"[worker-pool] Adding worker with key ~diagnostic~, total=1"}}
[debug] [2021-02-19T20:50:22.535Z] [worker-pool] submitWork(triggerId=) {"metadata":{"emulator":{"name":"functions"},"message":"[worker-pool] submitWork(triggerId=)"}}
[debug] [2021-02-19T20:50:22.536Z] [worker-~diagnostic~-875c89bc-2b6c-473b-b896-325f56fbe6b3]: Assigning socketPath: \\?\pipe\F:\projects\burger-gril\functions\17000 {"metadata":{"emulator":{"name":"functions"},"message":"[worker-~diagnostic~-875c89bc-2b6c-473b-b896-325f56fbe6b3]: Assigning socketPath: \\\\?\\pipe\\F:\\projects\\burger-gril\\functions\\17000"}}
[debug] [2021-02-19T20:50:22.536Z] [worker-~diagnostic~-875c89bc-2b6c-473b-b896-325f56fbe6b3]: BUSY {"metadata":{"emulator":{"name":"functions"},"message":"[worker-~diagnostic~-875c89bc-2b6c-473b-b896-325f56fbe6b3]: BUSY"}}
[debug] [2021-02-19T20:50:22.766Z] [runtime-status] [17000] Functions runtime initialized. {"cwd":"F:\\projects\\burger-gril\\functions","node_version":"14.15.1"} {"metadata":{"emulator":{"name":"functions"},"message":"[runtime-status] [17000] Functions runtime initialized. {\"cwd\":\"F:\\\\projects\\\\burger-gril\\\\functions\",\"node_version\":\"14.15.1\"}"}}
[debug] [2021-02-19T20:50:22.768Z] [runtime-status] [17000] Disabled runtime features: undefined {"metadata":{"emulator":{"name":"functions"},"message":"[runtime-status] [17000] Disabled runtime features: undefined"}}
[debug] [2021-02-19T20:50:23.699Z] [runtime-status] [17000] Resolved module firebase-admin {"declared":true,"installed":true,"version":"9.5.0","resolution":"F:\\projects\\burger-gril\\functions\\node_modules\\firebase-admin\\lib\\index.js"} {"metadata":{"emulator":{"name":"functions"},"message":"[runtime-status] [17000] Resolved module firebase-admin {\"declared\":true,\"installed\":true,\"version\":\"9.5.0\",\"resolution\":\"F:\\\\projects\\\\burger-gril\\\\functions\\\\node_modules\\\\firebase-admin\\\\lib\\\\index.js\"}"}}
[debug] [2021-02-19T20:50:24.122Z] [runtime-status] [17000] Resolved module firebase-functions {"declared":true,"installed":true,"version":"3.13.1","resolution":"F:\\projects\\burger-gril\\functions\\node_modules\\firebase-functions\\lib\\index.js"} {"metadata":{"emulator":{"name":"functions"},"message":"[runtime-status] [17000] Resolved module firebase-functions {\"declared\":true,\"installed\":true,\"version\":\"3.13.1\",\"resolution\":\"F:\\\\projects\\\\burger-gril\\\\functions\\\\node_modules\\\\firebase-functions\\\\lib\\\\index.js\"}"}}
[debug] [2021-02-19T20:50:24.129Z] [runtime-status] [17000] Resolved module firebase-functions {"declared":true,"installed":true,"version":"3.13.1","resolution":"F:\\projects\\burger-gril\\functions\\node_modules\\firebase-functions\\lib\\index.js"} {"metadata":{"emulator":{"name":"functions"},"message":"[runtime-status] [17000] Resolved module firebase-functions {\"declared\":true,\"installed\":true,\"version\":\"3.13.1\",\"resolution\":\"F:\\\\projects\\\\burger-gril\\\\functions\\\\node_modules\\\\firebase-functions\\\\lib\\\\index.js\"}"}}
[debug] [2021-02-19T20:50:24.134Z] [runtime-status] [17000] Outgoing network have been stubbed. [{"name":"http","status":"mocked"},{"name":"http","status":"mocked"},{"name":"https","status":"mocked"},{"name":"https","status":"mocked"},{"name":"net","status":"mocked"}] {"metadata":{"emulator":{"name":"functions"},"message":"[runtime-status] [17000] Outgoing network have been stubbed. [{\"name\":\"http\",\"status\":\"mocked\"},{\"name\":\"http\",\"status\":\"mocked\"},{\"name\":\"https\",\"status\":\"mocked\"},{\"name\":\"https\",\"status\":\"mocked\"},{\"name\":\"net\",\"status\":\"mocked\"}]"}}
[debug] [2021-02-19T20:50:24.136Z] [runtime-status] [17000] Resolved module firebase-functions {"declared":true,"installed":true,"version":"3.13.1","resolution":"F:\\projects\\burger-gril\\functions\\node_modules\\firebase-functions\\lib\\index.js"} {"metadata":{"emulator":{"name":"functions"},"message":"[runtime-status] [17000] Resolved module firebase-functions {\"declared\":true,\"installed\":true,\"version\":\"3.13.1\",\"resolution\":\"F:\\\\projects\\\\burger-gril\\\\functions\\\\node_modules\\\\firebase-functions\\\\lib\\\\index.js\"}"}}
[debug] [2021-02-19T20:50:31.728Z] [runtime-status] [17000] Checked functions.config() {"config":{}} {"metadata":{"emulator":{"name":"functions"},"message":"[runtime-status] [17000] Checked functions.config() {\"config\":{}}"}}
[debug] [2021-02-19T20:50:31.728Z] [runtime-status] [17000] firebase-functions has been stubbed. {"functionsResolution":{"declared":true,"installed":true,"version":"3.13.1","resolution":"F:\\projects\\burger-gril\\functions\\node_modules\\firebase-functions\\lib\\index.js"}} {"metadata":{"emulator":{"name":"functions"},"message":"[runtime-status] [17000] firebase-functions has been stubbed. {\"functionsResolution\":{\"declared\":true,\"installed\":true,\"version\":\"3.13.1\",\"resolution\":\"F:\\\\projects\\\\burger-gril\\\\functions\\\\node_modules\\\\firebase-functions\\\\lib\\\\index.js\"}}"}}
[debug] [2021-02-19T20:50:31.729Z] [runtime-status] [17000] Resolved module firebase-functions {"declared":true,"installed":true,"version":"3.13.1","resolution":"F:\\projects\\burger-gril\\functions\\node_modules\\firebase-functions\\lib\\index.js"} {"metadata":{"emulator":{"name":"functions"},"message":"[runtime-status] [17000] Resolved module firebase-functions {\"declared\":true,\"installed\":true,\"version\":\"3.13.1\",\"resolution\":\"F:\\\\projects\\\\burger-gril\\\\functions\\\\node_modules\\\\firebase-functions\\\\lib\\\\index.js\"}"}}
[debug] [2021-02-19T20:50:31.730Z] [runtime-status] [17000] Resolved module firebase-admin {"declared":true,"installed":true,"version":"9.5.0","resolution":"F:\\projects\\burger-gril\\functions\\node_modules\\firebase-admin\\lib\\index.js"} {"metadata":{"emulator":{"name":"functions"},"message":"[runtime-status] [17000] Resolved module firebase-admin {\"declared\":true,\"installed\":true,\"version\":\"9.5.0\",\"resolution\":\"F:\\\\projects\\\\burger-gril\\\\functions\\\\node_modules\\\\firebase-admin\\\\lib\\\\index.js\"}"}}
[debug] [2021-02-19T20:50:31.730Z] [runtime-status] [17000] Resolved module firebase-functions {"declared":true,"installed":true,"version":"3.13.1","resolution":"F:\\projects\\burger-gril\\functions\\node_modules\\firebase-functions\\lib\\index.js"} {"metadata":{"emulator":{"name":"functions"},"message":"[runtime-status] [17000] Resolved module firebase-functions {\"declared\":true,\"installed\":true,\"version\":\"3.13.1\",\"resolution\":\"F:\\\\projects\\\\burger-gril\\\\functions\\\\node_modules\\\\firebase-functions\\\\lib\\\\index.js\"}"}}
[debug] [2021-02-19T20:50:31.731Z] [runtime-status] [17000] firebase-admin has been stubbed. {"adminResolution":{"declared":true,"installed":true,"version":"9.5.0","resolution":"F:\\projects\\burger-gril\\functions\\node_modules\\firebase-admin\\lib\\index.js"}} {"metadata":{"emulator":{"name":"functions"},"message":"[runtime-status] [17000] firebase-admin has been stubbed. {\"adminResolution\":{\"declared\":true,\"installed\":true,\"version\":\"9.5.0\",\"resolution\":\"F:\\\\projects\\\\burger-gril\\\\functions\\\\node_modules\\\\firebase-admin\\\\lib\\\\index.js\"}}"}}
[info] +  functions[api]: http function initialized (http://localhost:5001/burgergril-30358/us-central1/api). {"metadata":{"emulator":{"name":"functions"},"message":"\u001b[1mhttp\u001b[22m function initialized (http://localhost:5001/burgergril-30358/us-central1/api)."}}
[info] 
┌─────────────────────────────────────────────────────────────┐
│ ✔  All emulators ready! It is now safe to connect your app. │
│ i  View Emulator UI at http://localhost:4000                │
└─────────────────────────────────────────────────────────────┘

┌───────────┬────────────────┬─────────────────────────────────┐
│ Emulator  │ Host:Port      │ View in Emulator UI             │
├───────────┼────────────────┼─────────────────────────────────┤
│ Functions │ localhost:5001 │ http://localhost:4000/functions │
└───────────┴────────────────┴─────────────────────────────────┘
  Emulator Hub running at localhost:4400
  Other reserved ports: 4500

Issues? Report them at https://github.com/firebase/firebase-tools/issues and attach the *-debug.log files.
 
[debug] [2021-02-19T20:50:54.427Z] [worker-~diagnostic~-875c89bc-2b6c-473b-b896-325f56fbe6b3]: IDLE {"metadata":{"emulator":{"name":"functions"},"message":"[worker-~diagnostic~-875c89bc-2b6c-473b-b896-325f56fbe6b3]: IDLE"}}
